<?xml version="1.0" encoding="UTF-8"?>
<!-- Generated by org.testng.reporters.JUnitReportReporter -->
<testsuite skipped="0" hostname="yatin" name="com.narshProject.startBrowser" tests="1" failures="0" timestamp="2020-07-20T09:23:11 IST" time="22.317" errors="0">
  <testcase name="launchBrowser" time="22.317" classname="com.narshProject.startBrowser"/>
</testsuite> <!-- com.narshProject.startBrowser -->
